<?xml version="1.0" encoding="UTF-8"?>
<robot generator="Robot 4.0.3 (Python 3.9.5 on win32)" generated="20210621 13:41:39.621" rpa="false" schemaversion="2">
<suite id="s1" name="Tests" source="C:\Users\a759249\Desktop\pythonProject\Mon_API\Tests">
<suite id="s1-s1" name="Api" source="C:\Users\a759249\Desktop\pythonProject\Mon_API\Tests\api.robot">
<test id="s1-s1-t1" name="Inscrire Un Utilisateur Dans le BD">
<kw name="Verifier si l'utilisateur n'exist pas dans la BD" library="signupBack">
<kw name="Connect To Database Using Custom Params" library="DatabaseLibrary">
<arg>pymysql</arg>
<arg>database='demo', user='root', password='', host='localhost'</arg>
<doc>Loads the DB API 2.0 module given `dbapiModuleName` then uses it to
connect to the database using the map string `db_custom_param_string`.</doc>
<msg timestamp="20210621 13:41:39.972" level="INFO">Executing : Connect To Database Using Custom Params : pymysql.connect(db_api_2.connect(database='demo', user='root', password='', host='localhost')) </msg>
<status status="PASS" starttime="20210621 13:41:39.957" endtime="20210621 13:41:39.988"/>
</kw>
<kw name="Row Count Is 0" library="DatabaseLibrary">
<arg>select id from users where username = '${USERNAME}' and password = md5('${PASSWORD}')</arg>
<doc>Check if any rows are returned from the submitted `selectStatement`. If there are, then this will throw an
AssertionError. Set optional input `sansTran` to True to run command without an explicit transaction commit or
rollback.</doc>
<msg timestamp="20210621 13:41:39.988" level="INFO">Executing : Row Count Is 0  |  select id from users where username = 'momo' and password = md5('momo') </msg>
<msg timestamp="20210621 13:41:39.988" level="INFO">Executing : Row Count  |  select id from users where username = 'momo' and password = md5('momo') </msg>
<status status="PASS" starttime="20210621 13:41:39.988" endtime="20210621 13:41:39.988"/>
</kw>
<status status="PASS" starttime="20210621 13:41:39.957" endtime="20210621 13:41:39.988"/>
</kw>
<kw name="Inscription Utilisateur par une requete http POST" library="signupBack">
<kw name="Create Session" library="RequestsLibrary">
<arg>session1</arg>
<arg>${WEBSITE_LINK}</arg>
<doc>Create Session: create a HTTP session to a server</doc>
<msg timestamp="20210621 13:41:39.988" level="INFO">Creating Session using : alias=session1, url=https://localhost/demo/api/user, headers={},                     cookies={}, auth=None, timeout=None, proxies=None, verify=False,                     debug=0 </msg>
<status status="PASS" starttime="20210621 13:41:39.988" endtime="20210621 13:41:39.988"/>
</kw>
<kw name="Create Dictionary" library="BuiltIn">
<var>${data}</var>
<arg>username=${USERNAME}</arg>
<arg>password=${PASSWORD}</arg>
<doc>Creates and returns a dictionary based on the given ``items``.</doc>
<msg timestamp="20210621 13:41:39.988" level="INFO">${data} = {'username': 'momo', 'password': 'momo'}</msg>
<status status="PASS" starttime="20210621 13:41:39.988" endtime="20210621 13:41:39.988"/>
</kw>
<kw name="Create Dictionary" library="BuiltIn">
<var>${headers}</var>
<arg>Content-Type=Application/x-www-form-urlencoded</arg>
<doc>Creates and returns a dictionary based on the given ``items``.</doc>
<msg timestamp="20210621 13:41:39.988" level="INFO">${headers} = {'Content-Type': 'Application/x-www-form-urlencoded'}</msg>
<status status="PASS" starttime="20210621 13:41:39.988" endtime="20210621 13:41:39.988"/>
</kw>
<kw name="Post Request" library="RequestsLibrary">
<var>${response}</var>
<arg>session1</arg>
<arg>signup.php</arg>
<arg>data=${data}</arg>
<arg>headers=${headers}</arg>
<doc>*DEPRECATED* Please use `POST On Session` instead.</doc>
<msg timestamp="20210621 13:41:39.988" level="WARN">Keyword 'RequestsLibrary.Post Request' is deprecated. Please use `POST On Session` instead.</msg>
<msg timestamp="20210621 13:41:40.024" level="INFO">POST Request : url=https://localhost/demo/api/user/signup.php 
 path_url=/demo/api/user/signup.php 
 headers={'User-Agent': 'python-requests/2.25.1', 'Accept-Encoding': 'gzip, deflate', 'Accept': '*/*', 'Connection': 'keep-alive', 'Content-Type': 'Application/x-www-form-urlencoded', 'Content-Length': '27'} 
 body=username=momo&amp;password=momo 
 </msg>
<msg timestamp="20210621 13:41:40.024" level="INFO">POST Response : url=https://localhost/demo/api/user/signup.php 
 status=200, reason=OK 
 headers={'Date': 'Mon, 21 Jun 2021 13:41:40 GMT', 'Server': 'Apache/2.4.47 (Win64) OpenSSL/1.1.1k PHP/7.3.28', 'X-Powered-By': 'PHP/7.3.28', 'Content-Length': '76', 'Keep-Alive': 'timeout=5, max=100', 'Connection': 'Keep-Alive', 'Content-Type': 'text/html; charset=UTF-8'} 
 body={"status":true,"message":"Successfully Signup!","id":"41","username":"momo"} 
 </msg>
<msg timestamp="20210621 13:41:40.024" level="INFO">c:\users\a759249\appdata\local\programs\python\python39\lib\site-packages\urllib3\connectionpool.py:1013: InsecureRequestWarning: Unverified HTTPS request is being made to host 'localhost'. Adding certificate verification is strongly advised. See: https://urllib3.readthedocs.io/en/latest/advanced-usage.html#ssl-warnings
  warnings.warn(</msg>
<msg timestamp="20210621 13:41:40.024" level="INFO">${response} = &lt;Response [200]&gt;</msg>
<status status="PASS" starttime="20210621 13:41:39.988" endtime="20210621 13:41:40.024"/>
</kw>
<kw name="Set Variable" library="BuiltIn">
<var>${json}</var>
<arg>${response.json()}</arg>
<doc>Returns the given values which can then be assigned to a variables.</doc>
<msg timestamp="20210621 13:41:40.040" level="INFO">${json} = {'status': True, 'message': 'Successfully Signup!', 'id': '41', 'username': 'momo'}</msg>
<status status="PASS" starttime="20210621 13:41:40.024" endtime="20210621 13:41:40.040"/>
</kw>
<kw name="Log" library="BuiltIn">
<arg>${json}</arg>
<doc>Logs the given message with the given level.</doc>
<msg timestamp="20210621 13:41:40.040" level="INFO">{'status': True, 'message': 'Successfully Signup!', 'id': '41', 'username': 'momo'}</msg>
<status status="PASS" starttime="20210621 13:41:40.040" endtime="20210621 13:41:40.040"/>
</kw>
<kw name="Should Be Equal As Strings" library="BuiltIn">
<arg>${response.status_code}</arg>
<arg>200</arg>
<doc>Fails if objects are unequal after converting them to strings.</doc>
<msg timestamp="20210621 13:41:40.040" level="INFO">Argument types are:
&lt;class 'int'&gt;
&lt;type 'unicode'&gt;</msg>
<status status="PASS" starttime="20210621 13:41:40.040" endtime="20210621 13:41:40.040"/>
</kw>
<status status="PASS" starttime="20210621 13:41:39.988" endtime="20210621 13:41:40.040"/>
</kw>
<kw name="Verifier que l'utlisateur est ajoute dans la BD" library="signupBack">
<kw name="Connect To Database Using Custom Params" library="DatabaseLibrary">
<arg>pymysql</arg>
<arg>database='demo', user='root', password='', host='localhost'</arg>
<doc>Loads the DB API 2.0 module given `dbapiModuleName` then uses it to
connect to the database using the map string `db_custom_param_string`.</doc>
<msg timestamp="20210621 13:41:40.040" level="INFO">Executing : Connect To Database Using Custom Params : pymysql.connect(db_api_2.connect(database='demo', user='root', password='', host='localhost')) </msg>
<status status="PASS" starttime="20210621 13:41:40.040" endtime="20210621 13:41:40.056"/>
</kw>
<kw name="Row Count Is Equal To X" library="DatabaseLibrary">
<arg>select id from users where username = '${USERNAME}' and password = md5('${PASSWORD}')</arg>
<arg>1</arg>
<doc>Check if the number of rows returned from `selectStatement` is equal to the value submitted. If not, then this
will throw an AssertionError. Set optional input `sansTran` to True to run command without an explicit
transaction commit or rollback.</doc>
<msg timestamp="20210621 13:41:40.056" level="INFO">Executing : Row Count Is Equal To X  |  select id from users where username = 'momo' and password = md5('momo')  |  1 </msg>
<msg timestamp="20210621 13:41:40.056" level="INFO">Executing : Row Count  |  select id from users where username = 'momo' and password = md5('momo') </msg>
<status status="PASS" starttime="20210621 13:41:40.056" endtime="20210621 13:41:40.056"/>
</kw>
<status status="PASS" starttime="20210621 13:41:40.040" endtime="20210621 13:41:40.056"/>
</kw>
<tag>First</tag>
<status status="PASS" starttime="20210621 13:41:39.957" endtime="20210621 13:41:40.056"/>
</test>
<test id="s1-s1-t2" name="Inscrire le meme utilisateur dans la BD">
<kw name="Inscription meme Utilisateur par une requete http POST" library="signupBack">
<kw name="Create Session" library="RequestsLibrary">
<arg>session2</arg>
<arg>${WEBSITE_LINK}</arg>
<doc>Create Session: create a HTTP session to a server</doc>
<msg timestamp="20210621 13:41:40.056" level="INFO">Creating Session using : alias=session2, url=https://localhost/demo/api/user, headers={},                     cookies={}, auth=None, timeout=None, proxies=None, verify=False,                     debug=0 </msg>
<status status="PASS" starttime="20210621 13:41:40.056" endtime="20210621 13:41:40.056"/>
</kw>
<kw name="Create Dictionary" library="BuiltIn">
<var>${data}</var>
<arg>username=${USERNAME}</arg>
<arg>password=${PASSWORD}</arg>
<doc>Creates and returns a dictionary based on the given ``items``.</doc>
<msg timestamp="20210621 13:41:40.056" level="INFO">${data} = {'username': 'momo', 'password': 'momo'}</msg>
<status status="PASS" starttime="20210621 13:41:40.056" endtime="20210621 13:41:40.056"/>
</kw>
<kw name="Create Dictionary" library="BuiltIn">
<var>${headers}</var>
<arg>Content-Type=Application/x-www-form-urlencoded</arg>
<doc>Creates and returns a dictionary based on the given ``items``.</doc>
<msg timestamp="20210621 13:41:40.056" level="INFO">${headers} = {'Content-Type': 'Application/x-www-form-urlencoded'}</msg>
<status status="PASS" starttime="20210621 13:41:40.056" endtime="20210621 13:41:40.056"/>
</kw>
<kw name="Post Request" library="RequestsLibrary">
<var>${response}</var>
<arg>session2</arg>
<arg>signup.php</arg>
<arg>data=${data}</arg>
<arg>headers=${headers}</arg>
<doc>*DEPRECATED* Please use `POST On Session` instead.</doc>
<msg timestamp="20210621 13:41:40.056" level="WARN">Keyword 'RequestsLibrary.Post Request' is deprecated. Please use `POST On Session` instead.</msg>
<msg timestamp="20210621 13:41:40.071" level="INFO">POST Request : url=https://localhost/demo/api/user/signup.php 
 path_url=/demo/api/user/signup.php 
 headers={'User-Agent': 'python-requests/2.25.1', 'Accept-Encoding': 'gzip, deflate', 'Accept': '*/*', 'Connection': 'keep-alive', 'Content-Type': 'Application/x-www-form-urlencoded', 'Content-Length': '27'} 
 body=username=momo&amp;password=momo 
 </msg>
<msg timestamp="20210621 13:41:40.071" level="INFO">POST Response : url=https://localhost/demo/api/user/signup.php 
 status=200, reason=OK 
 headers={'Date': 'Mon, 21 Jun 2021 13:41:40 GMT', 'Server': 'Apache/2.4.47 (Win64) OpenSSL/1.1.1k PHP/7.3.28', 'X-Powered-By': 'PHP/7.3.28', 'Content-Length': '53', 'Keep-Alive': 'timeout=5, max=100', 'Connection': 'Keep-Alive', 'Content-Type': 'text/html; charset=UTF-8'} 
 body={"status":false,"message":"Username already exists!"} 
 </msg>
<msg timestamp="20210621 13:41:40.071" level="INFO">c:\users\a759249\appdata\local\programs\python\python39\lib\site-packages\urllib3\connectionpool.py:1013: InsecureRequestWarning: Unverified HTTPS request is being made to host 'localhost'. Adding certificate verification is strongly advised. See: https://urllib3.readthedocs.io/en/latest/advanced-usage.html#ssl-warnings
  warnings.warn(</msg>
<msg timestamp="20210621 13:41:40.071" level="INFO">${response} = &lt;Response [200]&gt;</msg>
<status status="PASS" starttime="20210621 13:41:40.056" endtime="20210621 13:41:40.071"/>
</kw>
<kw name="Set Variable" library="BuiltIn">
<var>${json}</var>
<arg>${response.json()}</arg>
<doc>Returns the given values which can then be assigned to a variables.</doc>
<msg timestamp="20210621 13:41:40.071" level="INFO">${json} = {'status': False, 'message': 'Username already exists!'}</msg>
<status status="PASS" starttime="20210621 13:41:40.071" endtime="20210621 13:41:40.071"/>
</kw>
<kw name="Log" library="BuiltIn">
<arg>${json}</arg>
<doc>Logs the given message with the given level.</doc>
<msg timestamp="20210621 13:41:40.087" level="INFO">{'status': False, 'message': 'Username already exists!'}</msg>
<status status="PASS" starttime="20210621 13:41:40.087" endtime="20210621 13:41:40.087"/>
</kw>
<kw name="Should Be Equal As Strings" library="BuiltIn">
<arg>${response.status_code}</arg>
<arg>200</arg>
<doc>Fails if objects are unequal after converting them to strings.</doc>
<msg timestamp="20210621 13:41:40.087" level="INFO">Argument types are:
&lt;class 'int'&gt;
&lt;type 'unicode'&gt;</msg>
<status status="PASS" starttime="20210621 13:41:40.087" endtime="20210621 13:41:40.087"/>
</kw>
<kw name="Should Be Equal As Strings" library="BuiltIn">
<arg>${json['message']}</arg>
<arg>Username already exists!</arg>
<doc>Fails if objects are unequal after converting them to strings.</doc>
<status status="PASS" starttime="20210621 13:41:40.087" endtime="20210621 13:41:40.087"/>
</kw>
<status status="PASS" starttime="20210621 13:41:40.056" endtime="20210621 13:41:40.087"/>
</kw>
<kw name="Verifier que l'utlisateur n'est pas dupliquer dans la BD" library="signupBack">
<kw name="Connect To Database Using Custom Params" library="DatabaseLibrary">
<arg>pymysql</arg>
<arg>database='demo', user='root', password='', host='localhost'</arg>
<doc>Loads the DB API 2.0 module given `dbapiModuleName` then uses it to
connect to the database using the map string `db_custom_param_string`.</doc>
<msg timestamp="20210621 13:41:40.087" level="INFO">Executing : Connect To Database Using Custom Params : pymysql.connect(db_api_2.connect(database='demo', user='root', password='', host='localhost')) </msg>
<status status="PASS" starttime="20210621 13:41:40.087" endtime="20210621 13:41:40.103"/>
</kw>
<kw name="Row Count Is Equal To X" library="DatabaseLibrary">
<arg>select id from users where username = '${USERNAME}' and password = md5('${PASSWORD}')</arg>
<arg>1</arg>
<doc>Check if the number of rows returned from `selectStatement` is equal to the value submitted. If not, then this
will throw an AssertionError. Set optional input `sansTran` to True to run command without an explicit
transaction commit or rollback.</doc>
<msg timestamp="20210621 13:41:40.103" level="INFO">Executing : Row Count Is Equal To X  |  select id from users where username = 'momo' and password = md5('momo')  |  1 </msg>
<msg timestamp="20210621 13:41:40.103" level="INFO">Executing : Row Count  |  select id from users where username = 'momo' and password = md5('momo') </msg>
<status status="PASS" starttime="20210621 13:41:40.103" endtime="20210621 13:41:40.103"/>
</kw>
<status status="PASS" starttime="20210621 13:41:40.087" endtime="20210621 13:41:40.103"/>
</kw>
<tag>Second</tag>
<status status="PASS" starttime="20210621 13:41:40.056" endtime="20210621 13:41:40.103"/>
</test>
<test id="s1-s1-t3" name="Authentifier Utilisateur">
<kw name="verifier que l'utilisateur exist dans la BD" library="loginBack">
<kw name="Connect To Database Using Custom Params" library="DatabaseLibrary">
<arg>pymysql</arg>
<arg>database='demo', user='root', password='', host='localhost'</arg>
<doc>Loads the DB API 2.0 module given `dbapiModuleName` then uses it to
connect to the database using the map string `db_custom_param_string`.</doc>
<msg timestamp="20210621 13:41:40.103" level="INFO">Executing : Connect To Database Using Custom Params : pymysql.connect(db_api_2.connect(database='demo', user='root', password='', host='localhost')) </msg>
<status status="PASS" starttime="20210621 13:41:40.103" endtime="20210621 13:41:40.126"/>
</kw>
<kw name="Row Count Is Equal To X" library="DatabaseLibrary">
<arg>select id from users where username = '${USERNAME}' and password = md5('${PASSWORD}')</arg>
<arg>1</arg>
<doc>Check if the number of rows returned from `selectStatement` is equal to the value submitted. If not, then this
will throw an AssertionError. Set optional input `sansTran` to True to run command without an explicit
transaction commit or rollback.</doc>
<msg timestamp="20210621 13:41:40.126" level="INFO">Executing : Row Count Is Equal To X  |  select id from users where username = 'momo' and password = md5('momo')  |  1 </msg>
<msg timestamp="20210621 13:41:40.126" level="INFO">Executing : Row Count  |  select id from users where username = 'momo' and password = md5('momo') </msg>
<status status="PASS" starttime="20210621 13:41:40.126" endtime="20210621 13:41:40.126"/>
</kw>
<status status="PASS" starttime="20210621 13:41:40.103" endtime="20210621 13:41:40.126"/>
</kw>
<kw name="Authentifier l'utilisateur dans l'application" library="loginBack">
<kw name="Create Session" library="RequestsLibrary">
<arg>session3</arg>
<arg>${WEBSITE_LINK}</arg>
<doc>Create Session: create a HTTP session to a server</doc>
<msg timestamp="20210621 13:41:40.126" level="INFO">Creating Session using : alias=session3, url=https://localhost/demo/api/user, headers={},                     cookies={}, auth=None, timeout=None, proxies=None, verify=False,                     debug=0 </msg>
<status status="PASS" starttime="20210621 13:41:40.126" endtime="20210621 13:41:40.126"/>
</kw>
<kw name="Get Request" library="RequestsLibrary">
<var>${response}</var>
<arg>session3</arg>
<arg>login.php?username=${USERNAME}&amp;password=${PASSWORD}</arg>
<doc>*DEPRECATED* Please use `GET On Session` instead.</doc>
<msg timestamp="20210621 13:41:40.126" level="WARN">Keyword 'RequestsLibrary.Get Request' is deprecated. Please use `GET On Session` instead.</msg>
<msg timestamp="20210621 13:41:40.157" level="INFO">GET Request : url=https://localhost/demo/api/user/login.php?username=momo&amp;password=momo 
 path_url=/demo/api/user/login.php?username=momo&amp;password=momo 
 headers={'User-Agent': 'python-requests/2.25.1', 'Accept-Encoding': 'gzip, deflate', 'Accept': '*/*', 'Connection': 'keep-alive'} 
 body=None 
 </msg>
<msg timestamp="20210621 13:41:40.157" level="INFO">GET Response : url=https://localhost/demo/api/user/login.php?username=momo&amp;password=momo 
 status=200, reason=OK 
 headers={'Date': 'Mon, 21 Jun 2021 13:41:40 GMT', 'Server': 'Apache/2.4.47 (Win64) OpenSSL/1.1.1k PHP/7.3.28', 'X-Powered-By': 'PHP/7.3.28', 'Content-Length': '75', 'Keep-Alive': 'timeout=5, max=100', 'Connection': 'Keep-Alive', 'Content-Type': 'text/html; charset=UTF-8'} 
 body={"status":true,"message":"Successfully Login!","id":"41","username":"momo"} 
 </msg>
<msg timestamp="20210621 13:41:40.157" level="INFO">c:\users\a759249\appdata\local\programs\python\python39\lib\site-packages\urllib3\connectionpool.py:1013: InsecureRequestWarning: Unverified HTTPS request is being made to host 'localhost'. Adding certificate verification is strongly advised. See: https://urllib3.readthedocs.io/en/latest/advanced-usage.html#ssl-warnings
  warnings.warn(</msg>
<msg timestamp="20210621 13:41:40.157" level="INFO">${response} = &lt;Response [200]&gt;</msg>
<status status="PASS" starttime="20210621 13:41:40.126" endtime="20210621 13:41:40.157"/>
</kw>
<kw name="Set Variable" library="BuiltIn">
<var>${json}</var>
<arg>${response.json()}</arg>
<doc>Returns the given values which can then be assigned to a variables.</doc>
<msg timestamp="20210621 13:41:40.157" level="INFO">${json} = {'status': True, 'message': 'Successfully Login!', 'id': '41', 'username': 'momo'}</msg>
<status status="PASS" starttime="20210621 13:41:40.157" endtime="20210621 13:41:40.157"/>
</kw>
<kw name="Log" library="BuiltIn">
<arg>${json}</arg>
<doc>Logs the given message with the given level.</doc>
<msg timestamp="20210621 13:41:40.157" level="INFO">{'status': True, 'message': 'Successfully Login!', 'id': '41', 'username': 'momo'}</msg>
<status status="PASS" starttime="20210621 13:41:40.157" endtime="20210621 13:41:40.157"/>
</kw>
<kw name="Should Be Equal As Strings" library="BuiltIn">
<arg>${response.status_code}</arg>
<arg>200</arg>
<doc>Fails if objects are unequal after converting them to strings.</doc>
<msg timestamp="20210621 13:41:40.157" level="INFO">Argument types are:
&lt;class 'int'&gt;
&lt;type 'unicode'&gt;</msg>
<status status="PASS" starttime="20210621 13:41:40.157" endtime="20210621 13:41:40.157"/>
</kw>
<kw name="Should Be Equal As Strings" library="BuiltIn">
<arg>${json['message']}</arg>
<arg>Successfully Login!</arg>
<doc>Fails if objects are unequal after converting them to strings.</doc>
<status status="PASS" starttime="20210621 13:41:40.157" endtime="20210621 13:41:40.157"/>
</kw>
<status status="PASS" starttime="20210621 13:41:40.126" endtime="20210621 13:41:40.157"/>
</kw>
<tag>Third</tag>
<status status="PASS" starttime="20210621 13:41:40.103" endtime="20210621 13:41:40.157"/>
</test>
<test id="s1-s1-t4" name="Supprimer Utilisateur">
<kw name="Supprimer Utilisateur de la BD" library="loginBack">
<kw name="Connect To Database Using Custom Params" library="DatabaseLibrary">
<arg>pymysql</arg>
<arg>database='demo', user='root', password='', host='localhost'</arg>
<doc>Loads the DB API 2.0 module given `dbapiModuleName` then uses it to
connect to the database using the map string `db_custom_param_string`.</doc>
<msg timestamp="20210621 13:41:40.157" level="INFO">Executing : Connect To Database Using Custom Params : pymysql.connect(db_api_2.connect(database='demo', user='root', password='', host='localhost')) </msg>
<status status="PASS" starttime="20210621 13:41:40.157" endtime="20210621 13:41:40.157"/>
</kw>
<kw name="Execute Sql String" library="DatabaseLibrary">
<arg>DELETE from users where username = '${USERNAME}' and password = md5('${PASSWORD}')</arg>
<doc>Executes the sqlString as SQL commands. Useful to pass arguments to your sql. Set optional input `sansTran` to
True to run command without an explicit transaction commit or rollback.</doc>
<msg timestamp="20210621 13:41:40.157" level="INFO">Executing : Execute SQL String  |  DELETE from users where username = 'momo' and password = md5('momo') </msg>
<status status="PASS" starttime="20210621 13:41:40.157" endtime="20210621 13:41:40.157"/>
</kw>
<kw name="Disconnect From Database" library="DatabaseLibrary">
<doc>Disconnects from the database.</doc>
<msg timestamp="20210621 13:41:40.157" level="INFO">Executing : Disconnect From Database</msg>
<status status="PASS" starttime="20210621 13:41:40.157" endtime="20210621 13:41:40.157"/>
</kw>
<status status="PASS" starttime="20210621 13:41:40.157" endtime="20210621 13:41:40.157"/>
</kw>
<kw name="Authentifier utilisateur inexistant dans l'application" library="loginBack">
<kw name="Create Session" library="RequestsLibrary">
<arg>session4</arg>
<arg>${WEBSITE_LINK}</arg>
<doc>Create Session: create a HTTP session to a server</doc>
<msg timestamp="20210621 13:41:40.173" level="INFO">Creating Session using : alias=session4, url=https://localhost/demo/api/user, headers={},                     cookies={}, auth=None, timeout=None, proxies=None, verify=False,                     debug=0 </msg>
<status status="PASS" starttime="20210621 13:41:40.157" endtime="20210621 13:41:40.173"/>
</kw>
<kw name="Get Request" library="RequestsLibrary">
<var>${response}</var>
<arg>session4</arg>
<arg>login.php?username=${USERNAME}&amp;password=${PASSWORD}</arg>
<doc>*DEPRECATED* Please use `GET On Session` instead.</doc>
<msg timestamp="20210621 13:41:40.173" level="WARN">Keyword 'RequestsLibrary.Get Request' is deprecated. Please use `GET On Session` instead.</msg>
<msg timestamp="20210621 13:41:40.188" level="INFO">GET Request : url=https://localhost/demo/api/user/login.php?username=momo&amp;password=momo 
 path_url=/demo/api/user/login.php?username=momo&amp;password=momo 
 headers={'User-Agent': 'python-requests/2.25.1', 'Accept-Encoding': 'gzip, deflate', 'Accept': '*/*', 'Connection': 'keep-alive'} 
 body=None 
 </msg>
<msg timestamp="20210621 13:41:40.188" level="INFO">GET Response : url=https://localhost/demo/api/user/login.php?username=momo&amp;password=momo 
 status=200, reason=OK 
 headers={'Date': 'Mon, 21 Jun 2021 13:41:40 GMT', 'Server': 'Apache/2.4.47 (Win64) OpenSSL/1.1.1k PHP/7.3.28', 'X-Powered-By': 'PHP/7.3.28', 'Content-Length': '58', 'Keep-Alive': 'timeout=5, max=100', 'Connection': 'Keep-Alive', 'Content-Type': 'text/html; charset=UTF-8'} 
 body={"status":false,"message":"Invalid Username or Password!"} 
 </msg>
<msg timestamp="20210621 13:41:40.188" level="INFO">c:\users\a759249\appdata\local\programs\python\python39\lib\site-packages\urllib3\connectionpool.py:1013: InsecureRequestWarning: Unverified HTTPS request is being made to host 'localhost'. Adding certificate verification is strongly advised. See: https://urllib3.readthedocs.io/en/latest/advanced-usage.html#ssl-warnings
  warnings.warn(</msg>
<msg timestamp="20210621 13:41:40.188" level="INFO">${response} = &lt;Response [200]&gt;</msg>
<status status="PASS" starttime="20210621 13:41:40.173" endtime="20210621 13:41:40.188"/>
</kw>
<kw name="Set Variable" library="BuiltIn">
<var>${json}</var>
<arg>${response.json()}</arg>
<doc>Returns the given values which can then be assigned to a variables.</doc>
<msg timestamp="20210621 13:41:40.188" level="INFO">${json} = {'status': False, 'message': 'Invalid Username or Password!'}</msg>
<status status="PASS" starttime="20210621 13:41:40.188" endtime="20210621 13:41:40.188"/>
</kw>
<kw name="Log" library="BuiltIn">
<arg>${json}</arg>
<doc>Logs the given message with the given level.</doc>
<msg timestamp="20210621 13:41:40.188" level="INFO">{'status': False, 'message': 'Invalid Username or Password!'}</msg>
<status status="PASS" starttime="20210621 13:41:40.188" endtime="20210621 13:41:40.188"/>
</kw>
<kw name="Should Be Equal As Strings" library="BuiltIn">
<arg>${response.status_code}</arg>
<arg>200</arg>
<doc>Fails if objects are unequal after converting them to strings.</doc>
<msg timestamp="20210621 13:41:40.188" level="INFO">Argument types are:
&lt;class 'int'&gt;
&lt;type 'unicode'&gt;</msg>
<status status="PASS" starttime="20210621 13:41:40.188" endtime="20210621 13:41:40.188"/>
</kw>
<kw name="Should Be Equal As Strings" library="BuiltIn">
<arg>${json['message']}</arg>
<arg>Invalid Username or Password!</arg>
<doc>Fails if objects are unequal after converting them to strings.</doc>
<status status="PASS" starttime="20210621 13:41:40.188" endtime="20210621 13:41:40.188"/>
</kw>
<status status="PASS" starttime="20210621 13:41:40.157" endtime="20210621 13:41:40.188"/>
</kw>
<tag>fourth</tag>
<status status="PASS" starttime="20210621 13:41:40.157" endtime="20210621 13:41:40.188"/>
</test>
<status status="PASS" starttime="20210621 13:41:39.652" endtime="20210621 13:41:40.204"/>
</suite>
<status status="PASS" starttime="20210621 13:41:39.621" endtime="20210621 13:41:40.204"/>
</suite>
<statistics>
<total>
<stat pass="4" fail="0" skip="0">All Tests</stat>
</total>
<tag>
<stat pass="1" fail="0" skip="0">First</stat>
<stat pass="1" fail="0" skip="0">fourth</stat>
<stat pass="1" fail="0" skip="0">Second</stat>
<stat pass="1" fail="0" skip="0">Third</stat>
</tag>
<suite>
<stat pass="4" fail="0" skip="0" id="s1" name="Tests">Tests</stat>
<stat pass="4" fail="0" skip="0" id="s1-s1" name="Api">Tests.Api</stat>
</suite>
</statistics>
<errors>
<msg timestamp="20210621 13:41:39.988" level="WARN">Keyword 'RequestsLibrary.Post Request' is deprecated. Please use `POST On Session` instead.</msg>
<msg timestamp="20210621 13:41:40.056" level="WARN">Keyword 'RequestsLibrary.Post Request' is deprecated. Please use `POST On Session` instead.</msg>
<msg timestamp="20210621 13:41:40.126" level="WARN">Keyword 'RequestsLibrary.Get Request' is deprecated. Please use `GET On Session` instead.</msg>
<msg timestamp="20210621 13:41:40.173" level="WARN">Keyword 'RequestsLibrary.Get Request' is deprecated. Please use `GET On Session` instead.</msg>
</errors>
</robot>
